[2012-08-23 09:22:12] request.ERROR: Symfony\Component\HttpKernel\Exception\NotFoundHttpException: No route found for "GET /js/4f9e3db.js" (uncaught exception) at D:\pronostics\Symfony\app\cache\prod\classes.php line 4564 [] []
[2012-08-23 09:22:43] request.ERROR: Symfony\Component\HttpKernel\Exception\NotFoundHttpException: No route found for "GET /js/4f9e3db.js" (uncaught exception) at D:\pronostics\Symfony\app\cache\prod\classes.php line 4564 [] []
[2012-08-23 09:22:44] request.ERROR: Symfony\Component\HttpKernel\Exception\NotFoundHttpException: No route found for "GET /js/4f9e3db.js" (uncaught exception) at D:\pronostics\Symfony\app\cache\prod\classes.php line 4564 [] []
[2012-08-23 11:12:53] security.INFO: Populated SecurityContext with an anonymous Token [] []
[2012-08-23 11:12:53] request.INFO: Matched route "GrubKikadiBundle_home" (parameters: "_controller": "Grub\KikadiBundle\Controller\DefaultController::homeAction", "_route": "GrubKikadiBundle_home") [] []
[2012-08-23 11:12:54] request.CRITICAL: PDOException: SQLSTATE[42S22]: Column not found: 1054 Unknown column 't0.score' in 'field list' (uncaught exception) at D:\pronostics\Symfony\vendor\doctrine-dbal\lib\Doctrine\DBAL\Connection.php line 618 [] []
[2012-08-23 11:13:11] security.INFO: Populated SecurityContext with an anonymous Token [] []
[2012-08-23 11:13:11] request.INFO: Matched route "GrubKikadiBundle_home" (parameters: "_controller": "Grub\KikadiBundle\Controller\DefaultController::homeAction", "_route": "GrubKikadiBundle_home") [] []
[2012-08-23 11:13:11] request.CRITICAL: PDOException: SQLSTATE[42S22]: Column not found: 1054 Unknown column 't0.score' in 'field list' (uncaught exception) at D:\pronostics\Symfony\vendor\doctrine-dbal\lib\Doctrine\DBAL\Connection.php line 618 [] []
[2012-08-30 05:08:28] request.ERROR: Symfony\Component\HttpKernel\Exception\NotFoundHttpException: No route found for "GET /js/4f9e3db.js" (uncaught exception) at D:\pronostics\Symfony\app\cache\prod\classes.php line 4564 [] []
[2012-08-30 05:15:05] request.ERROR: Symfony\Component\HttpKernel\Exception\NotFoundHttpException: No route found for "GET /js/4f9e3db.js" (uncaught exception) at D:\pronostics\Symfony\app\cache\prod\classes.php line 4564 [] []
[2012-08-30 05:15:06] request.ERROR: Symfony\Component\HttpKernel\Exception\NotFoundHttpException: No route found for "GET /js/4f9e3db.js" (uncaught exception) at D:\pronostics\Symfony\app\cache\prod\classes.php line 4564 [] []
[2012-08-30 05:29:19] request.ERROR: Symfony\Component\HttpKernel\Exception\NotFoundHttpException: No route found for "GET /js/4f9e3db.js" (uncaught exception) at D:\pronostics\Symfony\vendor\symfony\src\Symfony\Bundle\FrameworkBundle\EventListener\RouterListener.php line 83 [] []
[2012-08-30 05:29:48] request.ERROR: Symfony\Component\HttpKernel\Exception\NotFoundHttpException: No route found for "GET /js/4f9e3db.js" (uncaught exception) at D:\pronostics\Symfony\app\cache\prod\classes.php line 4564 [] []
[2012-08-30 05:29:49] request.ERROR: Symfony\Component\HttpKernel\Exception\NotFoundHttpException: No route found for "GET /js/4f9e3db.js" (uncaught exception) at D:\pronostics\Symfony\app\cache\prod\classes.php line 4564 [] []
[2012-08-30 05:30:11] request.ERROR: Symfony\Component\HttpKernel\Exception\NotFoundHttpException: No route found for "GET /js/4f9e3db.js" (uncaught exception) at D:\pronostics\Symfony\vendor\symfony\src\Symfony\Bundle\FrameworkBundle\EventListener\RouterListener.php line 83 [] []
[2012-08-30 07:25:47] security.INFO: Populated SecurityContext with an anonymous Token [] []
[2012-08-30 07:25:47] request.ERROR: Symfony\Component\HttpKernel\Exception\NotFoundHttpException: No route found for "GET /devis-sante-en-ligne" (uncaught exception) at D:\pronostics\Symfony\app\cache\prod\classes.php line 4564 [] []
[2012-09-05 07:20:14] security.INFO: Populated SecurityContext with an anonymous Token [] []
[2012-09-05 07:20:14] request.ERROR: Symfony\Component\HttpKernel\Exception\NotFoundHttpException: No route found for "POST /vote/3323" (uncaught exception) at D:\pronostics\Symfony\app\cache\prod\classes.php line 4564 [] []
